<?xml version='1.0' encoding='UTF-8'?>
<testsuite hostname="satsuki-pc.local" name="CalcSpec" tests="7" errors="0" failures="0" skipped="0" time="0.429" timestamp="2020-07-30T16:18:36">
                     <properties>
[...]
</properties>
                     <testcase classname="CalcSpec" name="sum関数 should 整数の配列を取得し、それらを足し合わせた整数を返すことができる" time="0.012">
                                                 
                                               </testcase><testcase classname="CalcSpec" name="sum関数 should Intの最大を上回った際にはオーバーフローする" time="0.0">
                                                 
                                               </testcase><testcase classname="CalcSpec" name="div関数 should 整数を2つ受け取り、分子を分母で割った浮動小数点の値を返す" time="0.004">
                                                 
                                               </testcase><testcase classname="CalcSpec" name="div関数 should 0で割ろうとした際には実行時例外が投げられる" time="0.001">
                                                 
                                               </testcase><testcase classname="CalcSpec" name="isPrime関数 should その値が素数であるかどうかのブール値を返す" time="0.001">
                                                 
                                               </testcase><testcase classname="CalcSpec" name="isPrime関数 should 1000万以下の値の素数判定を一秒以内で処理できる" time="0.006">
                                                 
                                               </testcase><testcase classname="CalcSpec" name="Calcのモックオブジェクト should 振る舞いを偽装することができる" time="0.405">
                                                 
                                               </testcase>
                     <system-out><![CDATA[]]></system-out>
                     <system-err><![CDATA[]]></system-err>
                   </testsuite>